DEBUG - 2025-04-03 12:37:48 --> Session: Class initialized using 'CodeIgniter\Session\Handlers\FileHandler' driver.
DEBUG - 2025-04-03 12:38:06 --> Session: Class initialized using 'CodeIgniter\Session\Handlers\FileHandler' driver.
ERROR - 2025-04-03 12:38:07 --> Error connecting to the database: mysqli_sql_exception: Access denied for user ''@'localhost' (using password: NO) in G:\xampp\htdocs\framework-ci4\system\Database\MySQLi\Connection.php:201
Stack trace:
#0 G:\xampp\htdocs\framework-ci4\system\Database\MySQLi\Connection.php(201): mysqli->real_connect('localhost', '', Object(SensitiveParameterValue), '', 3306, '', 0)
#1 G:\xampp\htdocs\framework-ci4\system\Database\BaseConnection.php(421): CodeIgniter\Database\MySQLi\Connection->connect(false)
#2 G:\xampp\htdocs\framework-ci4\system\Database\BaseConnection.php(620): CodeIgniter\Database\BaseConnection->initialize()
#3 G:\xampp\htdocs\framework-ci4\system\Database\BaseBuilder.php(1649): CodeIgniter\Database\BaseConnection->query('SELECT *\nFROM `...', Array, false)
#4 G:\xampp\htdocs\framework-ci4\system\Model.php(286): CodeIgniter\Database\BaseBuilder->get()
#5 G:\xampp\htdocs\framework-ci4\system\BaseModel.php(675): CodeIgniter\Model->doFindAll(0, 0)
#6 G:\xampp\htdocs\framework-ci4\app\Controllers\navegar.php(22): CodeIgniter\BaseModel->findAll()
#7 G:\xampp\htdocs\framework-ci4\system\CodeIgniter.php(933): App\Controllers\Navegar->postIniciar()
#8 G:\xampp\htdocs\framework-ci4\system\CodeIgniter.php(507): CodeIgniter\CodeIgniter->runController(Object(App\Controllers\Navegar))
#9 G:\xampp\htdocs\framework-ci4\system\CodeIgniter.php(354): CodeIgniter\CodeIgniter->handleRequest(NULL, Object(Config\Cache), false)
#10 G:\xampp\htdocs\framework-ci4\system\Boot.php(334): CodeIgniter\CodeIgniter->run()
#11 G:\xampp\htdocs\framework-ci4\system\Boot.php(67): CodeIgniter\Boot::runCodeIgniter(Object(CodeIgniter\CodeIgniter))
#12 G:\xampp\htdocs\framework-ci4\index.php(56): CodeIgniter\Boot::bootWeb(Object(Config\Paths))
#13 {main}

Next CodeIgniter\Database\Exceptions\DatabaseException: Access denied for user ''@'localhost' (using password: NO) in G:\xampp\htdocs\framework-ci4\system\Database\MySQLi\Connection.php:246
Stack trace:
#0 G:\xampp\htdocs\framework-ci4\system\Database\BaseConnection.php(421): CodeIgniter\Database\MySQLi\Connection->connect(false)
#1 G:\xampp\htdocs\framework-ci4\system\Database\BaseConnection.php(620): CodeIgniter\Database\BaseConnection->initialize()
#2 G:\xampp\htdocs\framework-ci4\system\Database\BaseBuilder.php(1649): CodeIgniter\Database\BaseConnection->query('SELECT *\nFROM `...', Array, false)
#3 G:\xampp\htdocs\framework-ci4\system\Model.php(286): CodeIgniter\Database\BaseBuilder->get()
#4 G:\xampp\htdocs\framework-ci4\system\BaseModel.php(675): CodeIgniter\Model->doFindAll(0, 0)
#5 G:\xampp\htdocs\framework-ci4\app\Controllers\navegar.php(22): CodeIgniter\BaseModel->findAll()
#6 G:\xampp\htdocs\framework-ci4\system\CodeIgniter.php(933): App\Controllers\Navegar->postIniciar()
#7 G:\xampp\htdocs\framework-ci4\system\CodeIgniter.php(507): CodeIgniter\CodeIgniter->runController(Object(App\Controllers\Navegar))
#8 G:\xampp\htdocs\framework-ci4\system\CodeIgniter.php(354): CodeIgniter\CodeIgniter->handleRequest(NULL, Object(Config\Cache), false)
#9 G:\xampp\htdocs\framework-ci4\system\Boot.php(334): CodeIgniter\CodeIgniter->run()
#10 G:\xampp\htdocs\framework-ci4\system\Boot.php(67): CodeIgniter\Boot::runCodeIgniter(Object(CodeIgniter\CodeIgniter))
#11 G:\xampp\htdocs\framework-ci4\index.php(56): CodeIgniter\Boot::bootWeb(Object(Config\Paths))
#12 {main}
CRITICAL - 2025-04-03 12:38:07 --> CodeIgniter\Database\Exceptions\DatabaseException: Unable to connect to the database.
Main connection [MySQLi]: Access denied for user ''@'localhost' (using password: NO)
[Method: POST, Route: navegar/iniciar]
in SYSTEMPATH\Database\BaseConnection.php on line 467.
 1 SYSTEMPATH\Database\BaseConnection.php(620): CodeIgniter\Database\BaseConnection->initialize()
 2 SYSTEMPATH\Database\BaseBuilder.php(1649): CodeIgniter\Database\BaseConnection->query('SELECT *
FROM `usuarios`
WHERE `nombre` = :nombre:', [...], false)
 3 SYSTEMPATH\Model.php(286): CodeIgniter\Database\BaseBuilder->get()
 4 SYSTEMPATH\BaseModel.php(675): CodeIgniter\Model->doFindAll(0, 0)
 5 APPPATH\Controllers\navegar.php(22): CodeIgniter\BaseModel->findAll()
 6 SYSTEMPATH\CodeIgniter.php(933): App\Controllers\Navegar->postIniciar()
 7 SYSTEMPATH\CodeIgniter.php(507): CodeIgniter\CodeIgniter->runController(Object(App\Controllers\Navegar))
 8 SYSTEMPATH\CodeIgniter.php(354): CodeIgniter\CodeIgniter->handleRequest(null, Object(Config\Cache), false)
 9 SYSTEMPATH\Boot.php(334): CodeIgniter\CodeIgniter->run()
10 SYSTEMPATH\Boot.php(67): CodeIgniter\Boot::runCodeIgniter(Object(CodeIgniter\CodeIgniter))
11 FCPATH\index.php(56): CodeIgniter\Boot::bootWeb(Object(Config\Paths))
DEBUG - 2025-04-03 13:16:05 --> Session: Class initialized using 'CodeIgniter\Session\Handlers\FileHandler' driver.
ERROR - 2025-04-03 13:16:05 --> Error connecting to the database: mysqli_sql_exception: Access denied for user ''@'localhost' (using password: NO) in G:\xampp\htdocs\framework-ci4\system\Database\MySQLi\Connection.php:201
Stack trace:
#0 G:\xampp\htdocs\framework-ci4\system\Database\MySQLi\Connection.php(201): mysqli->real_connect('localhost', '', Object(SensitiveParameterValue), '', 3306, '', 0)
#1 G:\xampp\htdocs\framework-ci4\system\Database\BaseConnection.php(421): CodeIgniter\Database\MySQLi\Connection->connect(false)
#2 G:\xampp\htdocs\framework-ci4\system\Database\BaseConnection.php(620): CodeIgniter\Database\BaseConnection->initialize()
#3 G:\xampp\htdocs\framework-ci4\system\Database\BaseBuilder.php(1649): CodeIgniter\Database\BaseConnection->query('SELECT *\nFROM `...', Array, false)
#4 G:\xampp\htdocs\framework-ci4\system\Model.php(286): CodeIgniter\Database\BaseBuilder->get()
#5 G:\xampp\htdocs\framework-ci4\system\BaseModel.php(675): CodeIgniter\Model->doFindAll(0, 0)
#6 G:\xampp\htdocs\framework-ci4\app\Controllers\navegar.php(22): CodeIgniter\BaseModel->findAll()
#7 G:\xampp\htdocs\framework-ci4\system\CodeIgniter.php(933): App\Controllers\Navegar->postIniciar()
#8 G:\xampp\htdocs\framework-ci4\system\CodeIgniter.php(507): CodeIgniter\CodeIgniter->runController(Object(App\Controllers\Navegar))
#9 G:\xampp\htdocs\framework-ci4\system\CodeIgniter.php(354): CodeIgniter\CodeIgniter->handleRequest(NULL, Object(Config\Cache), false)
#10 G:\xampp\htdocs\framework-ci4\system\Boot.php(334): CodeIgniter\CodeIgniter->run()
#11 G:\xampp\htdocs\framework-ci4\system\Boot.php(67): CodeIgniter\Boot::runCodeIgniter(Object(CodeIgniter\CodeIgniter))
#12 G:\xampp\htdocs\framework-ci4\index.php(56): CodeIgniter\Boot::bootWeb(Object(Config\Paths))
#13 {main}

Next CodeIgniter\Database\Exceptions\DatabaseException: Access denied for user ''@'localhost' (using password: NO) in G:\xampp\htdocs\framework-ci4\system\Database\MySQLi\Connection.php:246
Stack trace:
#0 G:\xampp\htdocs\framework-ci4\system\Database\BaseConnection.php(421): CodeIgniter\Database\MySQLi\Connection->connect(false)
#1 G:\xampp\htdocs\framework-ci4\system\Database\BaseConnection.php(620): CodeIgniter\Database\BaseConnection->initialize()
#2 G:\xampp\htdocs\framework-ci4\system\Database\BaseBuilder.php(1649): CodeIgniter\Database\BaseConnection->query('SELECT *\nFROM `...', Array, false)
#3 G:\xampp\htdocs\framework-ci4\system\Model.php(286): CodeIgniter\Database\BaseBuilder->get()
#4 G:\xampp\htdocs\framework-ci4\system\BaseModel.php(675): CodeIgniter\Model->doFindAll(0, 0)
#5 G:\xampp\htdocs\framework-ci4\app\Controllers\navegar.php(22): CodeIgniter\BaseModel->findAll()
#6 G:\xampp\htdocs\framework-ci4\system\CodeIgniter.php(933): App\Controllers\Navegar->postIniciar()
#7 G:\xampp\htdocs\framework-ci4\system\CodeIgniter.php(507): CodeIgniter\CodeIgniter->runController(Object(App\Controllers\Navegar))
#8 G:\xampp\htdocs\framework-ci4\system\CodeIgniter.php(354): CodeIgniter\CodeIgniter->handleRequest(NULL, Object(Config\Cache), false)
#9 G:\xampp\htdocs\framework-ci4\system\Boot.php(334): CodeIgniter\CodeIgniter->run()
#10 G:\xampp\htdocs\framework-ci4\system\Boot.php(67): CodeIgniter\Boot::runCodeIgniter(Object(CodeIgniter\CodeIgniter))
#11 G:\xampp\htdocs\framework-ci4\index.php(56): CodeIgniter\Boot::bootWeb(Object(Config\Paths))
#12 {main}
CRITICAL - 2025-04-03 13:16:05 --> CodeIgniter\Database\Exceptions\DatabaseException: Unable to connect to the database.
Main connection [MySQLi]: Access denied for user ''@'localhost' (using password: NO)
[Method: POST, Route: navegar/iniciar]
in SYSTEMPATH\Database\BaseConnection.php on line 467.
 1 SYSTEMPATH\Database\BaseConnection.php(620): CodeIgniter\Database\BaseConnection->initialize()
 2 SYSTEMPATH\Database\BaseBuilder.php(1649): CodeIgniter\Database\BaseConnection->query('SELECT *
FROM `usuarios`
WHERE `nombre` = :nombre:', [...], false)
 3 SYSTEMPATH\Model.php(286): CodeIgniter\Database\BaseBuilder->get()
 4 SYSTEMPATH\BaseModel.php(675): CodeIgniter\Model->doFindAll(0, 0)
 5 APPPATH\Controllers\navegar.php(22): CodeIgniter\BaseModel->findAll()
 6 SYSTEMPATH\CodeIgniter.php(933): App\Controllers\Navegar->postIniciar()
 7 SYSTEMPATH\CodeIgniter.php(507): CodeIgniter\CodeIgniter->runController(Object(App\Controllers\Navegar))
 8 SYSTEMPATH\CodeIgniter.php(354): CodeIgniter\CodeIgniter->handleRequest(null, Object(Config\Cache), false)
 9 SYSTEMPATH\Boot.php(334): CodeIgniter\CodeIgniter->run()
10 SYSTEMPATH\Boot.php(67): CodeIgniter\Boot::runCodeIgniter(Object(CodeIgniter\CodeIgniter))
11 FCPATH\index.php(56): CodeIgniter\Boot::bootWeb(Object(Config\Paths))
DEBUG - 2025-04-03 13:16:12 --> Session: Class initialized using 'CodeIgniter\Session\Handlers\FileHandler' driver.
ERROR - 2025-04-03 13:16:12 --> Error connecting to the database: mysqli_sql_exception: Access denied for user ''@'localhost' (using password: NO) in G:\xampp\htdocs\framework-ci4\system\Database\MySQLi\Connection.php:201
Stack trace:
#0 G:\xampp\htdocs\framework-ci4\system\Database\MySQLi\Connection.php(201): mysqli->real_connect('localhost', '', Object(SensitiveParameterValue), '', 3306, '', 0)
#1 G:\xampp\htdocs\framework-ci4\system\Database\BaseConnection.php(421): CodeIgniter\Database\MySQLi\Connection->connect(false)
#2 G:\xampp\htdocs\framework-ci4\system\Database\BaseConnection.php(620): CodeIgniter\Database\BaseConnection->initialize()
#3 G:\xampp\htdocs\framework-ci4\system\Database\BaseBuilder.php(1649): CodeIgniter\Database\BaseConnection->query('SELECT *\nFROM `...', Array, false)
#4 G:\xampp\htdocs\framework-ci4\system\Model.php(286): CodeIgniter\Database\BaseBuilder->get()
#5 G:\xampp\htdocs\framework-ci4\system\BaseModel.php(675): CodeIgniter\Model->doFindAll(0, 0)
#6 G:\xampp\htdocs\framework-ci4\app\Controllers\navegar.php(22): CodeIgniter\BaseModel->findAll()
#7 G:\xampp\htdocs\framework-ci4\system\CodeIgniter.php(933): App\Controllers\Navegar->postIniciar()
#8 G:\xampp\htdocs\framework-ci4\system\CodeIgniter.php(507): CodeIgniter\CodeIgniter->runController(Object(App\Controllers\Navegar))
#9 G:\xampp\htdocs\framework-ci4\system\CodeIgniter.php(354): CodeIgniter\CodeIgniter->handleRequest(NULL, Object(Config\Cache), false)
#10 G:\xampp\htdocs\framework-ci4\system\Boot.php(334): CodeIgniter\CodeIgniter->run()
#11 G:\xampp\htdocs\framework-ci4\system\Boot.php(67): CodeIgniter\Boot::runCodeIgniter(Object(CodeIgniter\CodeIgniter))
#12 G:\xampp\htdocs\framework-ci4\index.php(56): CodeIgniter\Boot::bootWeb(Object(Config\Paths))
#13 {main}

Next CodeIgniter\Database\Exceptions\DatabaseException: Access denied for user ''@'localhost' (using password: NO) in G:\xampp\htdocs\framework-ci4\system\Database\MySQLi\Connection.php:246
Stack trace:
#0 G:\xampp\htdocs\framework-ci4\system\Database\BaseConnection.php(421): CodeIgniter\Database\MySQLi\Connection->connect(false)
#1 G:\xampp\htdocs\framework-ci4\system\Database\BaseConnection.php(620): CodeIgniter\Database\BaseConnection->initialize()
#2 G:\xampp\htdocs\framework-ci4\system\Database\BaseBuilder.php(1649): CodeIgniter\Database\BaseConnection->query('SELECT *\nFROM `...', Array, false)
#3 G:\xampp\htdocs\framework-ci4\system\Model.php(286): CodeIgniter\Database\BaseBuilder->get()
#4 G:\xampp\htdocs\framework-ci4\system\BaseModel.php(675): CodeIgniter\Model->doFindAll(0, 0)
#5 G:\xampp\htdocs\framework-ci4\app\Controllers\navegar.php(22): CodeIgniter\BaseModel->findAll()
#6 G:\xampp\htdocs\framework-ci4\system\CodeIgniter.php(933): App\Controllers\Navegar->postIniciar()
#7 G:\xampp\htdocs\framework-ci4\system\CodeIgniter.php(507): CodeIgniter\CodeIgniter->runController(Object(App\Controllers\Navegar))
#8 G:\xampp\htdocs\framework-ci4\system\CodeIgniter.php(354): CodeIgniter\CodeIgniter->handleRequest(NULL, Object(Config\Cache), false)
#9 G:\xampp\htdocs\framework-ci4\system\Boot.php(334): CodeIgniter\CodeIgniter->run()
#10 G:\xampp\htdocs\framework-ci4\system\Boot.php(67): CodeIgniter\Boot::runCodeIgniter(Object(CodeIgniter\CodeIgniter))
#11 G:\xampp\htdocs\framework-ci4\index.php(56): CodeIgniter\Boot::bootWeb(Object(Config\Paths))
#12 {main}
CRITICAL - 2025-04-03 13:16:12 --> CodeIgniter\Database\Exceptions\DatabaseException: Unable to connect to the database.
Main connection [MySQLi]: Access denied for user ''@'localhost' (using password: NO)
[Method: POST, Route: navegar/iniciar]
in SYSTEMPATH\Database\BaseConnection.php on line 467.
 1 SYSTEMPATH\Database\BaseConnection.php(620): CodeIgniter\Database\BaseConnection->initialize()
 2 SYSTEMPATH\Database\BaseBuilder.php(1649): CodeIgniter\Database\BaseConnection->query('SELECT *
FROM `usuarios`
WHERE `nombre` = :nombre:', [...], false)
 3 SYSTEMPATH\Model.php(286): CodeIgniter\Database\BaseBuilder->get()
 4 SYSTEMPATH\BaseModel.php(675): CodeIgniter\Model->doFindAll(0, 0)
 5 APPPATH\Controllers\navegar.php(22): CodeIgniter\BaseModel->findAll()
 6 SYSTEMPATH\CodeIgniter.php(933): App\Controllers\Navegar->postIniciar()
 7 SYSTEMPATH\CodeIgniter.php(507): CodeIgniter\CodeIgniter->runController(Object(App\Controllers\Navegar))
 8 SYSTEMPATH\CodeIgniter.php(354): CodeIgniter\CodeIgniter->handleRequest(null, Object(Config\Cache), false)
 9 SYSTEMPATH\Boot.php(334): CodeIgniter\CodeIgniter->run()
10 SYSTEMPATH\Boot.php(67): CodeIgniter\Boot::runCodeIgniter(Object(CodeIgniter\CodeIgniter))
11 FCPATH\index.php(56): CodeIgniter\Boot::bootWeb(Object(Config\Paths))
DEBUG - 2025-04-03 13:21:38 --> Session: Class initialized using 'CodeIgniter\Session\Handlers\FileHandler' driver.
ERROR - 2025-04-03 13:21:38 --> Error connecting to the database: mysqli_sql_exception: Access denied for user ''@'localhost' (using password: NO) in G:\xampp\htdocs\framework-ci4\system\Database\MySQLi\Connection.php:201
Stack trace:
#0 G:\xampp\htdocs\framework-ci4\system\Database\MySQLi\Connection.php(201): mysqli->real_connect('localhost', '', Object(SensitiveParameterValue), '', 3306, '', 0)
#1 G:\xampp\htdocs\framework-ci4\system\Database\BaseConnection.php(421): CodeIgniter\Database\MySQLi\Connection->connect(false)
#2 G:\xampp\htdocs\framework-ci4\system\Database\BaseConnection.php(620): CodeIgniter\Database\BaseConnection->initialize()
#3 G:\xampp\htdocs\framework-ci4\system\Database\BaseBuilder.php(1649): CodeIgniter\Database\BaseConnection->query('SELECT *\nFROM `...', Array, false)
#4 G:\xampp\htdocs\framework-ci4\system\Model.php(286): CodeIgniter\Database\BaseBuilder->get()
#5 G:\xampp\htdocs\framework-ci4\system\BaseModel.php(675): CodeIgniter\Model->doFindAll(0, 0)
#6 G:\xampp\htdocs\framework-ci4\app\Controllers\navegar.php(22): CodeIgniter\BaseModel->findAll()
#7 G:\xampp\htdocs\framework-ci4\system\CodeIgniter.php(933): App\Controllers\Navegar->postIniciar()
#8 G:\xampp\htdocs\framework-ci4\system\CodeIgniter.php(507): CodeIgniter\CodeIgniter->runController(Object(App\Controllers\Navegar))
#9 G:\xampp\htdocs\framework-ci4\system\CodeIgniter.php(354): CodeIgniter\CodeIgniter->handleRequest(NULL, Object(Config\Cache), false)
#10 G:\xampp\htdocs\framework-ci4\system\Boot.php(334): CodeIgniter\CodeIgniter->run()
#11 G:\xampp\htdocs\framework-ci4\system\Boot.php(67): CodeIgniter\Boot::runCodeIgniter(Object(CodeIgniter\CodeIgniter))
#12 G:\xampp\htdocs\framework-ci4\index.php(56): CodeIgniter\Boot::bootWeb(Object(Config\Paths))
#13 {main}

Next CodeIgniter\Database\Exceptions\DatabaseException: Access denied for user ''@'localhost' (using password: NO) in G:\xampp\htdocs\framework-ci4\system\Database\MySQLi\Connection.php:246
Stack trace:
#0 G:\xampp\htdocs\framework-ci4\system\Database\BaseConnection.php(421): CodeIgniter\Database\MySQLi\Connection->connect(false)
#1 G:\xampp\htdocs\framework-ci4\system\Database\BaseConnection.php(620): CodeIgniter\Database\BaseConnection->initialize()
#2 G:\xampp\htdocs\framework-ci4\system\Database\BaseBuilder.php(1649): CodeIgniter\Database\BaseConnection->query('SELECT *\nFROM `...', Array, false)
#3 G:\xampp\htdocs\framework-ci4\system\Model.php(286): CodeIgniter\Database\BaseBuilder->get()
#4 G:\xampp\htdocs\framework-ci4\system\BaseModel.php(675): CodeIgniter\Model->doFindAll(0, 0)
#5 G:\xampp\htdocs\framework-ci4\app\Controllers\navegar.php(22): CodeIgniter\BaseModel->findAll()
#6 G:\xampp\htdocs\framework-ci4\system\CodeIgniter.php(933): App\Controllers\Navegar->postIniciar()
#7 G:\xampp\htdocs\framework-ci4\system\CodeIgniter.php(507): CodeIgniter\CodeIgniter->runController(Object(App\Controllers\Navegar))
#8 G:\xampp\htdocs\framework-ci4\system\CodeIgniter.php(354): CodeIgniter\CodeIgniter->handleRequest(NULL, Object(Config\Cache), false)
#9 G:\xampp\htdocs\framework-ci4\system\Boot.php(334): CodeIgniter\CodeIgniter->run()
#10 G:\xampp\htdocs\framework-ci4\system\Boot.php(67): CodeIgniter\Boot::runCodeIgniter(Object(CodeIgniter\CodeIgniter))
#11 G:\xampp\htdocs\framework-ci4\index.php(56): CodeIgniter\Boot::bootWeb(Object(Config\Paths))
#12 {main}
CRITICAL - 2025-04-03 13:21:38 --> CodeIgniter\Database\Exceptions\DatabaseException: Unable to connect to the database.
Main connection [MySQLi]: Access denied for user ''@'localhost' (using password: NO)
[Method: POST, Route: navegar/iniciar]
in SYSTEMPATH\Database\BaseConnection.php on line 467.
 1 SYSTEMPATH\Database\BaseConnection.php(620): CodeIgniter\Database\BaseConnection->initialize()
 2 SYSTEMPATH\Database\BaseBuilder.php(1649): CodeIgniter\Database\BaseConnection->query('SELECT *
FROM `usuarios`
WHERE `nombre` = :nombre:', [...], false)
 3 SYSTEMPATH\Model.php(286): CodeIgniter\Database\BaseBuilder->get()
 4 SYSTEMPATH\BaseModel.php(675): CodeIgniter\Model->doFindAll(0, 0)
 5 APPPATH\Controllers\navegar.php(22): CodeIgniter\BaseModel->findAll()
 6 SYSTEMPATH\CodeIgniter.php(933): App\Controllers\Navegar->postIniciar()
 7 SYSTEMPATH\CodeIgniter.php(507): CodeIgniter\CodeIgniter->runController(Object(App\Controllers\Navegar))
 8 SYSTEMPATH\CodeIgniter.php(354): CodeIgniter\CodeIgniter->handleRequest(null, Object(Config\Cache), false)
 9 SYSTEMPATH\Boot.php(334): CodeIgniter\CodeIgniter->run()
10 SYSTEMPATH\Boot.php(67): CodeIgniter\Boot::runCodeIgniter(Object(CodeIgniter\CodeIgniter))
11 FCPATH\index.php(56): CodeIgniter\Boot::bootWeb(Object(Config\Paths))
DEBUG - 2025-04-03 14:07:21 --> Session: Class initialized using 'CodeIgniter\Session\Handlers\FileHandler' driver.
DEBUG - 2025-04-03 14:07:31 --> Session: Class initialized using 'CodeIgniter\Session\Handlers\FileHandler' driver.
DEBUG - 2025-04-03 14:07:43 --> Session: Class initialized using 'CodeIgniter\Session\Handlers\FileHandler' driver.
DEBUG - 2025-04-03 14:07:45 --> Session: Class initialized using 'CodeIgniter\Session\Handlers\FileHandler' driver.
DEBUG - 2025-04-03 14:07:50 --> Session: Class initialized using 'CodeIgniter\Session\Handlers\FileHandler' driver.
DEBUG - 2025-04-03 14:07:53 --> Session: Class initialized using 'CodeIgniter\Session\Handlers\FileHandler' driver.
DEBUG - 2025-04-03 14:07:55 --> Session: Class initialized using 'CodeIgniter\Session\Handlers\FileHandler' driver.
DEBUG - 2025-04-03 14:07:56 --> Session: Class initialized using 'CodeIgniter\Session\Handlers\FileHandler' driver.
DEBUG - 2025-04-03 14:07:59 --> Session: Class initialized using 'CodeIgniter\Session\Handlers\FileHandler' driver.
DEBUG - 2025-04-03 14:08:57 --> Session: Class initialized using 'CodeIgniter\Session\Handlers\FileHandler' driver.
DEBUG - 2025-04-03 14:09:21 --> Session: Class initialized using 'CodeIgniter\Session\Handlers\FileHandler' driver.
DEBUG - 2025-04-03 14:13:34 --> Session: Class initialized using 'CodeIgniter\Session\Handlers\FileHandler' driver.
DEBUG - 2025-04-03 14:14:57 --> Session: Class initialized using 'CodeIgniter\Session\Handlers\FileHandler' driver.
DEBUG - 2025-04-03 15:17:08 --> Session: Class initialized using 'CodeIgniter\Session\Handlers\FileHandler' driver.
